<?xml version="1.0" encoding="UTF-8" ?>
<testsuite errors="0" failures="1" hostname="ANZIZ" name="triangle.TriangleTest" skipped="0" tests="1" time="0.075" timestamp="2024-04-24T14:14:11">
  <properties>
[...]
</properties>
  <testcase classname="triangle.TriangleTest" name="test" time="0.014">
    <failure message="expected:&lt;Scalene&gt; but was:&lt;Isoceles&gt;" type="junit.framework.AssertionFailedError">junit.framework.AssertionFailedError: expected:&lt;Scalene&gt; but was:&lt;Isoceles&gt;
	at triangle.TriangleTest.test(Unknown Source)
	at java.base/jdk.internal.reflect.DirectMethodHandleAccessor.invoke(DirectMethodHandleAccessor.java:103)
	at java.base/jdk.internal.reflect.DirectMethodHandleAccessor.invoke(DirectMethodHandleAccessor.java:103)
</failure>
  </testcase>
  <system-out><![CDATA[]]></system-out>
  <system-err><![CDATA[]]></system-err>
</testsuite>
